
958  persistenceUnit  TRACE  [org.apache.openjpa.jdbc.meta.ReverseMappingTool.main()] openjpa.jdbc.JDBC - Initial connection autoCommit: true, holdability: 1, TransactionIsolation: 2
958  persistenceUnit  INFO   [org.apache.openjpa.jdbc.meta.ReverseMappingTool.main()] openjpa.jdbc.JDBC - Connected to Oracle version 11.11 using JDBC driver Oracle JDBC driver version 11.1.0.7.0-Production. 
960  persistenceUnit  TRACE  [org.apache.openjpa.jdbc.meta.ReverseMappingTool.main()] openjpa.jdbc.JDBC - <t 861590381, conn 0> [0 ms] close
961  persistenceUnit  TRACE  [org.apache.openjpa.jdbc.meta.ReverseMappingTool.main()] openjpa.Runtime - Found datasource1: datasource 1419076180 from configuration. StoreContext: null
966  persistenceUnit  TRACE  [org.apache.openjpa.jdbc.meta.ReverseMappingTool.main()] openjpa.jdbc.Schema - Reading table information for schema name "ET_FND", table name "ET_FND".
967  persistenceUnit  TRACE  [org.apache.openjpa.jdbc.meta.ReverseMappingTool.main()] openjpa.jdbc.JDBC - <t 861590381, conn 1949199462> getColumns: null, ET_FND, ET_FND, null
1089  persistenceUnit  TRACE  [org.apache.openjpa.jdbc.meta.ReverseMappingTool.main()] openjpa.jdbc.Schema - Reading sequence information for schema "ET_FND", sequence name "null".
1098  persistenceUnit  TRACE  [org.apache.openjpa.jdbc.meta.ReverseMappingTool.main()] openjpa.jdbc.SQL - <t 861590381, conn 1949199462> executing prepstmnt 1393353623 SELECT SEQUENCE_OWNER AS SEQUENCE_SCHEMA, SEQUENCE_NAME FROM ALL_SEQUENCES
1135  persistenceUnit  TRACE  [org.apache.openjpa.jdbc.meta.ReverseMappingTool.main()] openjpa.jdbc.SQL - <t 861590381, conn 1949199462> [36 ms] spent
2631  persistenceUnit  TRACE  [org.apache.openjpa.jdbc.meta.ReverseMappingTool.main()] openjpa.jdbc.JDBC - <t 861590381, conn 1949199462> [33 ms] commit
2632  persistenceUnit  TRACE  [org.apache.openjpa.jdbc.meta.ReverseMappingTool.main()] openjpa.jdbc.Schema - Reading primary keys for schema name "ET_FND", table name "ET_FND".
2663  persistenceUnit  TRACE  [org.apache.openjpa.jdbc.meta.ReverseMappingTool.main()] openjpa.jdbc.JDBC - <t 861590381, conn 1949199462> [31 ms] commit
2663  persistenceUnit  TRACE  [org.apache.openjpa.jdbc.meta.ReverseMappingTool.main()] openjpa.jdbc.Schema - Reading indexes for schema name "ET_FND", table name "ET_FND".
2692  persistenceUnit  TRACE  [org.apache.openjpa.jdbc.meta.ReverseMappingTool.main()] openjpa.jdbc.JDBC - <t 861590381, conn 1949199462> [29 ms] commit
2692  persistenceUnit  TRACE  [org.apache.openjpa.jdbc.meta.ReverseMappingTool.main()] openjpa.jdbc.Schema - Reading foreign keys for schema name "ET_FND", table name "ET_FND".
2721  persistenceUnit  TRACE  [org.apache.openjpa.jdbc.meta.ReverseMappingTool.main()] openjpa.jdbc.JDBC - <t 861590381, conn 1949199462> [28 ms] commit
2721  persistenceUnit  TRACE  [org.apache.openjpa.jdbc.meta.ReverseMappingTool.main()] openjpa.jdbc.JDBC - <t 861590381, conn 0> [0 ms] close
2741  persistenceUnit  INFO   [org.apache.openjpa.jdbc.meta.ReverseMappingTool.main()] openjpa.Tool - ReverseMappingTool : generating classes.
2741  persistenceUnit  INFO   [org.apache.openjpa.jdbc.meta.ReverseMappingTool.main()] openjpa.Tool - Generating annotations.
2744  persistenceUnit  TRACE  [org.apache.openjpa.jdbc.meta.ReverseMappingTool.main()] openjpa.Runtime - No cache marshaller found for id org.apache.openjpa.conf.MetaDataCacheMaintenance.
2779  persistenceUnit  TRACE  [org.apache.openjpa.jdbc.meta.ReverseMappingTool.main()] openjpa.MetaData - Using metadata factory "org.apache.openjpa.persistence.jdbc.PersistenceMappingFactory@4eb64f2e".
2781  persistenceUnit  TRACE  [org.apache.openjpa.jdbc.meta.ReverseMappingTool.main()] openjpa.MetaData - Using metadata factory "org.apache.openjpa.persistence.jdbc.PersistenceMappingFactory@54eb840f".
2786  persistenceUnit  INFO   [org.apache.openjpa.jdbc.meta.ReverseMappingTool.main()] openjpa.Tool - Writing generated class source code.
2786  persistenceUnit  INFO   [org.apache.openjpa.jdbc.meta.ReverseMappingTool.main()] openjpa.Tool - Writing generated metadata.
2786  persistenceUnit  TRACE  [org.apache.openjpa.jdbc.meta.ReverseMappingTool.main()] openjpa.MetaData - Using metadata factory "org.apache.openjpa.persistence.jdbc.PersistenceMappingFactory@6726fef6".

3  persistenceUnit  TRACE  [org.apache.openjpa.jdbc.meta.ReverseMappingTool.main()] openjpa.Runtime - Setting the following properties from "file:/home/sylvain/github-personal/java-at-Anaolabs/reversemapping-openjpa-anaolabs/src/main/resources/META-INF/reverse-persistence.xml" into configuration: {openjpa.ConnectionPassword=Welcome1, openjpa.ConnectionDriverName=oracle.jdbc.driver.OracleDriver, openjpa.Log=File=./org.apache.openjpa.log, DefaultLevel=TRACE, Runtime=TRACE, Tool=TRACE, PersistenceVersion=1.0, openjpa.ConnectionUserName=et_fnd, openjpa.ConnectionURL=jdbc:oracle:thin:@easytrustdev2:1521:ETRUST, openjpa.Id=persistenceUnit}
19  persistenceUnit  INFO   [org.apache.openjpa.jdbc.meta.ReverseMappingTool.main()] openjpa.Tool - The reverse mapping tool will run on the database.  The tool is gathering schema information; this process may take some time.  Enable the org.apache.openjpa.jdbc.Schema logging category to see messages about schema data.
21  persistenceUnit  TRACE  [org.apache.openjpa.jdbc.meta.ReverseMappingTool.main()] openjpa.Runtime - Found datasource 2: null from config. StoreContext: null
21  persistenceUnit  TRACE  [org.apache.openjpa.jdbc.meta.ReverseMappingTool.main()] openjpa.Runtime - Trying datasource1
21  persistenceUnit  TRACE  [org.apache.openjpa.jdbc.meta.ReverseMappingTool.main()] openjpa.jdbc.JDBC - createConnectionFactory: connectionFactory not created yet, attempt JNDI lookup...
21  persistenceUnit  TRACE  [org.apache.openjpa.jdbc.meta.ReverseMappingTool.main()] openjpa.jdbc.JDBC - createConnectionFactory: JNDI lookup failed, attempt DataSource properties...
59  persistenceUnit  TRACE  [org.apache.openjpa.jdbc.meta.ReverseMappingTool.main()] openjpa.jdbc.JDBC - createConnectionFactory: DataSource=org.apache.openjpa.jdbc.schema.AutoDriverDataSource@50a2d304
70  persistenceUnit  INFO   [org.apache.openjpa.jdbc.meta.ReverseMappingTool.main()] openjpa.jdbc.JDBC - Using dictionary class "org.apache.openjpa.jdbc.sql.OracleDictionary".
82  persistenceUnit  TRACE  [org.apache.openjpa.jdbc.meta.ReverseMappingTool.main()] openjpa.jdbc.JDBC - DataSource connection setAutoCommit to "true"
863  persistenceUnit  TRACE  [org.apache.openjpa.jdbc.meta.ReverseMappingTool.main()] openjpa.jdbc.JDBC - catalogSeparator: 
catalogTerm: 
databaseProductName: Oracle
databaseProductVersion: Oracle Database 11g Enterprise Edition Release 11.2.0.2.0 - 64bit Production
With the Partitioning, Oracle Label Security, OLAP, Data Mining
and Real Application Testing options
driverName: Oracle JDBC driver
driverVersion: 11.1.0.7.0-Production
extraNameCharacters: $#
identifierQuoteString: "
numericFunctions: ABS,ACOS,ASIN,ATAN,ATAN2,CEILING,COS,EXP,FLOOR,LOG,LOG10,MOD,PI,POWER,ROUND,SIGN,SIN,SQRT,TAN,TRUNCATE
procedureTerm: procedure
schemaTerm: schema
searchStringEscape: //
sqlKeywords: ACCESS, ADD, ALTER, AUDIT, CLUSTER, COLUMN, COMMENT, COMPRESS, CONNECT, DATE, DROP, EXCLUSIVE, FILE, IDENTIFIED, IMMEDIATE, INCREMENT, INDEX, INITIAL, INTERSECT, LEVEL, LOCK, LONG, MAXEXTENTS, MINUS, MODE, NOAUDIT, NOCOMPRESS, NOWAIT, NUMBER, OFFLINE, ONLINE, PCTFREE, PRIOR, all_PL_SQL_reserved_ words
stringFunctions: ASCII,CHAR,CONCAT,LCASE,LENGTH,LTRIM,REPLACE,RTRIM,SOUNDEX,SUBSTRING,UCASE
systemFunctions: USER
timeDateFunctions: MONTH,YEAR
url: jdbc:oracle:thin:@easytrustdev2:1521:ETRUST
userName: ET_FND
defaultTransactionIsolation: 2
driverMajorVersion: 11
driverMinorVersion: 1
maxBinaryLiteralLength: 1000
maxCatalogNameLength: 0
maxCharLiteralLength: 2000
maxColumnNameLength: 30
maxColumnsInGroupBy: 0
maxColumnsInIndex: 32
maxColumnsInOrderBy: 0
maxColumnsInSelect: 0
maxColumnsInTable: 1000
maxConnections: 0
maxCursorNameLength: 0
maxIndexLength: 0
maxProcedureNameLength: 30
maxRowSize: 0
maxSchemaNameLength: 30
maxStatementLength: 65535
maxStatements: 0
maxTableNameLength: 30
maxTablesInSelect: 0
maxUserNameLength: 30
isCatalogAtStart: false
isReadOnly: false
nullPlusNonNullIsNull: true
nullsAreSortedAtEnd: false
nullsAreSortedAtStart: false
nullsAreSortedHigh: false
nullsAreSortedLow: true
storesLowerCaseIdentifiers: false
storesLowerCaseQuotedIdentifiers: false
storesMixedCaseIdentifiers: false
storesMixedCaseQuotedIdentifiers: true
storesUpperCaseIdentifiers: true
storesUpperCaseQuotedIdentifiers: false
supportsAlterTableWithAddColumn: true
supportsAlterTableWithDropColumn: false
supportsANSI92EntryLevelSQL: true
supportsANSI92FullSQL: false
supportsANSI92IntermediateSQL: false
supportsCatalogsInDataManipulation: false
supportsCatalogsInIndexDefinitions: false
supportsCatalogsInPrivilegeDefinitions: false
supportsCatalogsInProcedureCalls: false
supportsCatalogsInTableDefinitions: false
supportsColumnAliasing: true
supportsConvert: false
supportsCoreSQLGrammar: true
supportsCorrelatedSubqueries: true
supportsDataDefinitionAndDataManipulationTransactions: true
supportsDataManipulationTransactionsOnly: true
supportsDifferentTableCorrelationNames: true
supportsExpressionsInOrderBy: true
supportsExtendedSQLGrammar: true
supportsFullOuterJoins: true
supportsGroupBy: true
supportsGroupByBeyondSelect: true
supportsGroupByUnrelated: true
supportsIntegrityEnhancementFacility: true
supportsLikeEscapeClause: true
supportsLimitedOuterJoins: true
supportsMinimumSQLGrammar: true
supportsMixedCaseIdentifiers: false
supportsMixedCaseQuotedIdentifiers: true
supportsMultipleResultSets: false
supportsMultipleTransactions: true
supportsNonNullableColumns: true
supportsOpenCursorsAcrossCommit: false
supportsOpenCursorsAcrossRollback: false
supportsOpenStatementsAcrossCommit: false
supportsOpenStatementsAcrossRollback: false
supportsOrderByUnrelated: true
supportsOuterJoins: true
supportsPositionedDelete: false
supportsPositionedUpdate: false
supportsSchemasInDataManipulation: true
supportsSchemasInIndexDefinitions: true
supportsSchemasInPrivilegeDefinitions: true
supportsSchemasInProcedureCalls: true
supportsSchemasInTableDefinitions: true
supportsSelectForUpdate: true
supportsStoredProcedures: true
supportsSubqueriesInComparisons: true
supportsSubqueriesInExists: true
supportsSubqueriesInIns: true
supportsSubqueriesInQuantifieds: true
supportsTableCorrelationNames: true
supportsTransactions: true
supportsUnion: true
supportsUnionAll: true
usesLocalFilePerTable: false
usesLocalFiles: false
allProceduresAreCallable: false
allTablesAreSelectable: false
dataDefinitionCausesTransactionCommit: true
dataDefinitionIgnoredInTransactions: false
doesMaxRowSizeIncludeBlobs: true
supportsBatchUpdates: true
864  persistenceUnit  TRACE  [org.apache.openjpa.jdbc.meta.ReverseMappingTool.main()] openjpa.jdbc.JDBC - Initial connection autoCommit: true, holdability: 1, TransactionIsolation: 2
864  persistenceUnit  INFO   [org.apache.openjpa.jdbc.meta.ReverseMappingTool.main()] openjpa.jdbc.JDBC - Connected to Oracle version 11.11 using JDBC driver Oracle JDBC driver version 11.1.0.7.0-Production. 
865  persistenceUnit  TRACE  [org.apache.openjpa.jdbc.meta.ReverseMappingTool.main()] openjpa.jdbc.JDBC - <t 724860211, conn 0> [0 ms] close
865  persistenceUnit  TRACE  [org.apache.openjpa.jdbc.meta.ReverseMappingTool.main()] openjpa.Runtime - Found datasource1: datasource 1352848132 from configuration. StoreContext: null
868  persistenceUnit  TRACE  [org.apache.openjpa.jdbc.meta.ReverseMappingTool.main()] openjpa.jdbc.Schema - Reading table information for schema name "ET_FND", table name "ET_FND.FND_EXP_DB".
868  persistenceUnit  TRACE  [org.apache.openjpa.jdbc.meta.ReverseMappingTool.main()] openjpa.jdbc.JDBC - <t 724860211, conn 116032948> getColumns: null, ET_FND, FND_EXP_DB, null
1192  persistenceUnit  TRACE  [org.apache.openjpa.jdbc.meta.ReverseMappingTool.main()] openjpa.jdbc.Schema - Reading column information for table "ET_FND.FND_EXP_DB".
1192  persistenceUnit  TRACE  [org.apache.openjpa.jdbc.meta.ReverseMappingTool.main()] openjpa.jdbc.Schema - Found existing column "EXP_ID" on table "ET_FND.FND_EXP_DB".
1192  persistenceUnit  TRACE  [org.apache.openjpa.jdbc.meta.ReverseMappingTool.main()] openjpa.jdbc.Schema - Found existing column "EXP_OWNER" on table "ET_FND.FND_EXP_DB".
1193  persistenceUnit  TRACE  [org.apache.openjpa.jdbc.meta.ReverseMappingTool.main()] openjpa.jdbc.Schema - Found existing column "EXP_TABLE_NAME" on table "ET_FND.FND_EXP_DB".
1193  persistenceUnit  TRACE  [org.apache.openjpa.jdbc.meta.ReverseMappingTool.main()] openjpa.jdbc.Schema - Found existing column "EXP_WHERE_CLAUSE" on table "ET_FND.FND_EXP_DB".
1193  persistenceUnit  TRACE  [org.apache.openjpa.jdbc.meta.ReverseMappingTool.main()] openjpa.jdbc.Schema - Found existing column "EXP_INCLUDE_PK" on table "ET_FND.FND_EXP_DB".
1194  persistenceUnit  TRACE  [org.apache.openjpa.jdbc.meta.ReverseMappingTool.main()] openjpa.jdbc.Schema - Found existing column "EXP_ORDER" on table "ET_FND.FND_EXP_DB".
1194  persistenceUnit  TRACE  [org.apache.openjpa.jdbc.meta.ReverseMappingTool.main()] openjpa.jdbc.Schema - Reading sequence information for schema "ET_FND", sequence name "null".
1201  persistenceUnit  TRACE  [org.apache.openjpa.jdbc.meta.ReverseMappingTool.main()] openjpa.jdbc.SQL - <t 724860211, conn 116032948> executing prepstmnt 564840309 SELECT SEQUENCE_OWNER AS SEQUENCE_SCHEMA, SEQUENCE_NAME FROM ALL_SEQUENCES
1235  persistenceUnit  TRACE  [org.apache.openjpa.jdbc.meta.ReverseMappingTool.main()] openjpa.jdbc.SQL - <t 724860211, conn 116032948> [34 ms] spent
2513  persistenceUnit  TRACE  [org.apache.openjpa.jdbc.meta.ReverseMappingTool.main()] openjpa.jdbc.JDBC - <t 724860211, conn 116032948> [28 ms] commit
2513  persistenceUnit  TRACE  [org.apache.openjpa.jdbc.meta.ReverseMappingTool.main()] openjpa.jdbc.Schema - Reading primary keys for schema name "ET_FND", table name "ET_FND.FND_EXP_DB".
2514  persistenceUnit  TRACE  [org.apache.openjpa.jdbc.meta.ReverseMappingTool.main()] openjpa.jdbc.SQL - <t 724860211, conn 116032948> executing prepstmnt 955842370 SELECT t0.OWNER AS TABLE_SCHEM, t0.TABLE_NAME AS TABLE_NAME, t0.COLUMN_NAME AS COLUMN_NAME, t0.CONSTRAINT_NAME AS PK_NAME FROM ALL_CONS_COLUMNS t0, ALL_CONSTRAINTS t1 WHERE t0.OWNER = t1.OWNER AND t0.CONSTRAINT_NAME = t1.CONSTRAINT_NAME AND t1.CONSTRAINT_TYPE = 'P' AND t0.OWNER = ? AND t0.TABLE_NAME = ? [params=?, ?]
3356  persistenceUnit  TRACE  [org.apache.openjpa.jdbc.meta.ReverseMappingTool.main()] openjpa.jdbc.SQL - <t 724860211, conn 116032948> [842 ms] spent
3358  persistenceUnit  TRACE  [org.apache.openjpa.jdbc.meta.ReverseMappingTool.main()] openjpa.jdbc.Schema - Found existing primary key "PK_FNDEXPDB" on table "ET_FND.FND_EXP_DB (EXP_ID)".
3386  persistenceUnit  TRACE  [org.apache.openjpa.jdbc.meta.ReverseMappingTool.main()] openjpa.jdbc.JDBC - <t 724860211, conn 116032948> [28 ms] commit
3387  persistenceUnit  TRACE  [org.apache.openjpa.jdbc.meta.ReverseMappingTool.main()] openjpa.jdbc.Schema - Reading indexes for schema name "ET_FND", table name "ET_FND.FND_EXP_DB".
3387  persistenceUnit  TRACE  [org.apache.openjpa.jdbc.meta.ReverseMappingTool.main()] openjpa.jdbc.SQL - <t 724860211, conn 116032948> executing prepstmnt 1860580894 SELECT t0.INDEX_OWNER AS TABLE_SCHEM, t0.TABLE_NAME AS TABLE_NAME, DECODE(t1.UNIQUENESS, 'UNIQUE', 0, 'NONUNIQUE', 1) AS NON_UNIQUE, t0.INDEX_NAME AS INDEX_NAME, t0.COLUMN_NAME AS COLUMN_NAME FROM ALL_IND_COLUMNS t0, ALL_INDEXES t1 WHERE t0.INDEX_OWNER = t1.OWNER AND t0.INDEX_NAME = t1.INDEX_NAME AND t0.TABLE_OWNER = ? AND t0.TABLE_NAME = ? [params=?, ?]
3425  persistenceUnit  TRACE  [org.apache.openjpa.jdbc.meta.ReverseMappingTool.main()] openjpa.jdbc.SQL - <t 724860211, conn 116032948> [38 ms] spent
3455  persistenceUnit  TRACE  [org.apache.openjpa.jdbc.meta.ReverseMappingTool.main()] openjpa.jdbc.JDBC - <t 724860211, conn 116032948> [29 ms] commit
3455  persistenceUnit  TRACE  [org.apache.openjpa.jdbc.meta.ReverseMappingTool.main()] openjpa.jdbc.Schema - Reading foreign keys for schema name "ET_FND", table name "ET_FND.FND_EXP_DB".
3455  persistenceUnit  TRACE  [org.apache.openjpa.jdbc.meta.ReverseMappingTool.main()] openjpa.jdbc.SQL - <t 724860211, conn 116032948> executing prepstmnt 983965941 SELECT t2.OWNER AS PKTABLE_SCHEM, t2.TABLE_NAME AS PKTABLE_NAME, t2.COLUMN_NAME AS PKCOLUMN_NAME, t0.OWNER AS FKTABLE_SCHEM, t0.TABLE_NAME AS FKTABLE_NAME, t0.COLUMN_NAME AS FKCOLUMN_NAME, t0.POSITION AS KEY_SEQ, DECODE(t1.DELETE_RULE, 'NO ACTION', 3, 'RESTRICT', 1, 'CASCADE', 0, 'SET NULL', 2, 'SET DEFAULT', 4) AS DELETE_RULE, t0.CONSTRAINT_NAME AS FK_NAME, DECODE(t1.DEFERRED, 'DEFERRED', 5, 'IMMEDIATE', 6) AS DEFERRABILITY FROM ALL_CONS_COLUMNS t0, ALL_CONSTRAINTS t1, ALL_CONS_COLUMNS t2 WHERE t0.OWNER = t1.OWNER AND t0.CONSTRAINT_NAME = t1.CONSTRAINT_NAME AND t1.CONSTRAINT_TYPE = 'R' AND t1.R_OWNER = t2.OWNER AND t1.R_CONSTRAINT_NAME = t2.CONSTRAINT_NAME AND t0.POSITION = t2.POSITION AND t0.OWNER = ? AND t0.TABLE_NAME = ? ORDER BY t2.OWNER, t2.TABLE_NAME, t0.POSITION [params=?, ?]
6349  persistenceUnit  TRACE  [org.apache.openjpa.jdbc.meta.ReverseMappingTool.main()] openjpa.jdbc.SQL - <t 724860211, conn 116032948> [2894 ms] spent
6379  persistenceUnit  TRACE  [org.apache.openjpa.jdbc.meta.ReverseMappingTool.main()] openjpa.jdbc.JDBC - <t 724860211, conn 116032948> [30 ms] commit
6379  persistenceUnit  TRACE  [org.apache.openjpa.jdbc.meta.ReverseMappingTool.main()] openjpa.jdbc.JDBC - <t 724860211, conn 0> [0 ms] close
6384  persistenceUnit  INFO   [org.apache.openjpa.jdbc.meta.ReverseMappingTool.main()] openjpa.Tool - ReverseMappingTool : generating classes.
6386  persistenceUnit  TRACE  [org.apache.openjpa.jdbc.meta.ReverseMappingTool.main()] openjpa.MetaData - No customized name found for class "org.anaolabs.easytrust.model.etfnd.FndExpDb" of table "ET_FND.FND_EXP_DB".
6417  persistenceUnit  TRACE  [org.apache.openjpa.jdbc.meta.ReverseMappingTool.main()] openjpa.Runtime - No cache marshaller found for id org.apache.openjpa.conf.MetaDataCacheMaintenance.
6438  persistenceUnit  TRACE  [org.apache.openjpa.jdbc.meta.ReverseMappingTool.main()] openjpa.MetaData - Using metadata factory "org.apache.openjpa.persistence.jdbc.PersistenceMappingFactory@4eda1515".
6450  persistenceUnit  TRACE  [org.apache.openjpa.jdbc.meta.ReverseMappingTool.main()] openjpa.MetaData - No customized name found for field "expId" in type "org.anaolabs.easytrust.model.etfnd.FndExpDb".
6471  persistenceUnit  TRACE  [org.apache.openjpa.jdbc.meta.ReverseMappingTool.main()] openjpa.MetaData - No customized name found for field "expOwner" in type "org.anaolabs.easytrust.model.etfnd.FndExpDb".
6476  persistenceUnit  TRACE  [org.apache.openjpa.jdbc.meta.ReverseMappingTool.main()] openjpa.MetaData - No customized name found for field "expTableName" in type "org.anaolabs.easytrust.model.etfnd.FndExpDb".
6476  persistenceUnit  TRACE  [org.apache.openjpa.jdbc.meta.ReverseMappingTool.main()] openjpa.MetaData - No customized name found for field "expWhereClause" in type "org.anaolabs.easytrust.model.etfnd.FndExpDb".
6476  persistenceUnit  TRACE  [org.apache.openjpa.jdbc.meta.ReverseMappingTool.main()] openjpa.MetaData - No customized name found for field "expIncludePk" in type "org.anaolabs.easytrust.model.etfnd.FndExpDb".
6477  persistenceUnit  TRACE  [org.apache.openjpa.jdbc.meta.ReverseMappingTool.main()] openjpa.MetaData - No customized name found for field "expOrder" in type "org.anaolabs.easytrust.model.etfnd.FndExpDb".
6480  persistenceUnit  TRACE  [org.apache.openjpa.jdbc.meta.ReverseMappingTool.main()] openjpa.MetaData - Resolving metadata for "org.anaolabs.easytrust.model.etfnd.FndExpDb@735463650".
6480  persistenceUnit  TRACE  [org.apache.openjpa.jdbc.meta.ReverseMappingTool.main()] openjpa.MetaData - 	Resolving field "org.anaolabs.easytrust.model.etfnd.FndExpDb@735463650.expId".
6480  persistenceUnit  TRACE  [org.apache.openjpa.jdbc.meta.ReverseMappingTool.main()] openjpa.MetaData - 	Resolving field "org.anaolabs.easytrust.model.etfnd.FndExpDb@735463650.expIncludePk".
6480  persistenceUnit  TRACE  [org.apache.openjpa.jdbc.meta.ReverseMappingTool.main()] openjpa.MetaData - 	Resolving field "org.anaolabs.easytrust.model.etfnd.FndExpDb@735463650.expOrder".
6481  persistenceUnit  TRACE  [org.apache.openjpa.jdbc.meta.ReverseMappingTool.main()] openjpa.MetaData - 	Resolving field "org.anaolabs.easytrust.model.etfnd.FndExpDb@735463650.expOwner".
6481  persistenceUnit  TRACE  [org.apache.openjpa.jdbc.meta.ReverseMappingTool.main()] openjpa.MetaData - 	Resolving field "org.anaolabs.easytrust.model.etfnd.FndExpDb@735463650.expTableName".
6481  persistenceUnit  TRACE  [org.apache.openjpa.jdbc.meta.ReverseMappingTool.main()] openjpa.MetaData - 	Resolving field "org.anaolabs.easytrust.model.etfnd.FndExpDb@735463650.expWhereClause".
6481  persistenceUnit  TRACE  [org.apache.openjpa.jdbc.meta.ReverseMappingTool.main()] openjpa.MetaData - Resolving mapping for "org.anaolabs.easytrust.model.etfnd.FndExpDb@735463650".
6481  persistenceUnit  TRACE  [org.apache.openjpa.jdbc.meta.ReverseMappingTool.main()] openjpa.MetaData - "org.anaolabs.easytrust.model.etfnd.FndExpDb" has mapping strategy "full".
6481  persistenceUnit  TRACE  [org.apache.openjpa.jdbc.meta.ReverseMappingTool.main()] openjpa.MetaData - 	Resolving field "org.anaolabs.easytrust.model.etfnd.FndExpDb@735463650.expId".
6481  persistenceUnit  TRACE  [org.apache.openjpa.jdbc.meta.ReverseMappingTool.main()] openjpa.MetaData - 	"expId" has mapping strategy "org.apache.openjpa.jdbc.meta.strats.PrimitiveFieldStrategy".
6481  persistenceUnit  TRACE  [org.apache.openjpa.jdbc.meta.ReverseMappingTool.main()] openjpa.MetaData - 	Resolving field "org.anaolabs.easytrust.model.etfnd.FndExpDb@735463650.expIncludePk".
6481  persistenceUnit  TRACE  [org.apache.openjpa.jdbc.meta.ReverseMappingTool.main()] openjpa.MetaData - 	"expIncludePk" has mapping strategy "org.apache.openjpa.jdbc.meta.strats.PrimitiveFieldStrategy".
6482  persistenceUnit  TRACE  [org.apache.openjpa.jdbc.meta.ReverseMappingTool.main()] openjpa.MetaData - 	Resolving field "org.anaolabs.easytrust.model.etfnd.FndExpDb@735463650.expOrder".
6482  persistenceUnit  TRACE  [org.apache.openjpa.jdbc.meta.ReverseMappingTool.main()] openjpa.MetaData - 	"expOrder" has mapping strategy "org.apache.openjpa.jdbc.meta.strats.PrimitiveFieldStrategy".
6482  persistenceUnit  TRACE  [org.apache.openjpa.jdbc.meta.ReverseMappingTool.main()] openjpa.MetaData - 	Resolving field "org.anaolabs.easytrust.model.etfnd.FndExpDb@735463650.expOwner".
6482  persistenceUnit  TRACE  [org.apache.openjpa.jdbc.meta.ReverseMappingTool.main()] openjpa.MetaData - 	"expOwner" has mapping strategy "org.apache.openjpa.jdbc.meta.strats.StringFieldStrategy".
6482  persistenceUnit  TRACE  [org.apache.openjpa.jdbc.meta.ReverseMappingTool.main()] openjpa.MetaData - 	Resolving field "org.anaolabs.easytrust.model.etfnd.FndExpDb@735463650.expTableName".
6482  persistenceUnit  TRACE  [org.apache.openjpa.jdbc.meta.ReverseMappingTool.main()] openjpa.MetaData - 	"expTableName" has mapping strategy "org.apache.openjpa.jdbc.meta.strats.StringFieldStrategy".
6482  persistenceUnit  TRACE  [org.apache.openjpa.jdbc.meta.ReverseMappingTool.main()] openjpa.MetaData - 	Resolving field "org.anaolabs.easytrust.model.etfnd.FndExpDb@735463650.expWhereClause".
6482  persistenceUnit  TRACE  [org.apache.openjpa.jdbc.meta.ReverseMappingTool.main()] openjpa.MetaData - 	"expWhereClause" has mapping strategy "org.apache.openjpa.jdbc.meta.strats.StringFieldStrategy".
6482  persistenceUnit  TRACE  [org.apache.openjpa.jdbc.meta.ReverseMappingTool.main()] openjpa.MetaData - "org.anaolabs.easytrust.model.etfnd.FndExpDb<discriminator>" has mapping strategy "none".
6482  persistenceUnit  TRACE  [org.apache.openjpa.jdbc.meta.ReverseMappingTool.main()] openjpa.MetaData - "org.anaolabs.easytrust.model.etfnd.FndExpDb<version>" has mapping strategy "state-comparison".
6482  persistenceUnit  INFO   [org.apache.openjpa.jdbc.meta.ReverseMappingTool.main()] openjpa.Tool - Generating annotations.
6482  persistenceUnit  TRACE  [org.apache.openjpa.jdbc.meta.ReverseMappingTool.main()] openjpa.MetaData - Using metadata factory "org.apache.openjpa.persistence.jdbc.PersistenceMappingFactory@13b4cd65".
6487  persistenceUnit  INFO   [org.apache.openjpa.jdbc.meta.ReverseMappingTool.main()] openjpa.MetaData - Writing class "org.anaolabs.easytrust.model.etfnd.FndExpDb".
6490  persistenceUnit  INFO   [org.apache.openjpa.jdbc.meta.ReverseMappingTool.main()] openjpa.Tool - Writing generated class source code.
6490  persistenceUnit  INFO   [org.apache.openjpa.jdbc.meta.ReverseMappingTool.main()] openjpa.MetaData - Writing java code for generated type "org.anaolabs.easytrust.model.etfnd.FndExpDb".
6491  persistenceUnit  INFO   [org.apache.openjpa.jdbc.meta.ReverseMappingTool.main()] openjpa.Tool - Writing generated metadata.
6491  persistenceUnit  TRACE  [org.apache.openjpa.jdbc.meta.ReverseMappingTool.main()] openjpa.MetaData - Using metadata factory "org.apache.openjpa.persistence.jdbc.PersistenceMappingFactory@3f9ab00e".
6496  persistenceUnit  INFO   [org.apache.openjpa.jdbc.meta.ReverseMappingTool.main()] openjpa.MetaData - Writing to file "src/main/java/orm.xml".
6519  persistenceUnit  TRACE  [org.apache.openjpa.jdbc.meta.ReverseMappingTool.main()] openjpa.MetaData - Serializing contents: [org.anaolabs.easytrust.model.etfnd.FndExpDb]
6519  persistenceUnit  TRACE  [org.apache.openjpa.jdbc.meta.ReverseMappingTool.main()] openjpa.Runtime - No cache marshaller found for id org.apache.openjpa.conf.MetaDataCacheMaintenance.
6519  persistenceUnit  TRACE  [org.apache.openjpa.jdbc.meta.ReverseMappingTool.main()] openjpa.MetaData - Using metadata factory "org.apache.openjpa.persistence.jdbc.PersistenceMappingFactory@7481933a".
6520  persistenceUnit  INFO   [org.apache.openjpa.jdbc.meta.ReverseMappingTool.main()] openjpa.MetaData - Writing class "org.anaolabs.easytrust.model.etfnd.FndExpDb".
6558  persistenceUnit  TRACE  [org.apache.openjpa.jdbc.meta.ReverseMappingTool.main()] openjpa.MetaData - Clearing metadata repository "org.apache.openjpa.jdbc.meta.MappingRepository@6e9b86ea".
